"QUERY PLAN"
"Nested Loop Left Join  (cost=2.41..18.68 rows=1 width=3658) (actual time=0.073..0.078 rows=1 loops=1)"
"  ->  Nested Loop Left Join  (cost=2.12..18.37 rows=1 width=3603) (actual time=0.068..0.072 rows=1 loops=1)"
"        ->  Nested Loop Left Join  (cost=1.84..18.06 rows=1 width=2794) (actual time=0.062..0.065 rows=1 loops=1)"
"              ->  Nested Loop Left Join  (cost=1.56..17.75 rows=1 width=2770) (actual time=0.056..0.059 rows=1 loops=1)"
"                    ->  Nested Loop Left Join  (cost=1.27..17.35 rows=1 width=677) (actual time=0.050..0.052 rows=1 loops=1)"
"                          ->  Nested Loop Left Join  (cost=1.12..17.19 rows=1 width=538) (actual time=0.044..0.046 rows=1 loops=1)"
"                                ->  Nested Loop  (cost=0.83..16.87 rows=1 width=512) (actual time=0.036..0.037 rows=1 loops=1)"
"                                      ->  Index Scan using items_knime_id_key on items repository0_  (cost=0.42..8.44 rows=1 width=12) (actual time=0.021..0.022 rows=1 loops=1)"
"                                            Index Cond: (knime_id = '*V4LW4NGB_oyMKMEU'::bpchar)"
"                                      ->  Index Scan using idx_item_versions_unique_index on item_versions itemversio1_  (cost=0.42..8.44 rows=1 width=512) (actual time=0.008..0.008 rows=1 loops=1)"
"                                            Index Cond: ((item_id = repository0_.id) AND (version = repository0_.last_version_number))"
"                                ->  Index Scan using idx_space_details_id on space_details itemversio1_1_  (cost=0.29..0.32 rows=1 width=34) (actual time=0.005..0.005 rows=1 loops=1)"
"                                      Index Cond: (itemversio1_.id = id)"
"                          ->  Index Scan using idx_template_details_id on template_details itemversio1_2_  (cost=0.14..0.16 rows=1 width=147) (actual time=0.003..0.003 rows=0 loops=1)"
"                                Index Cond: (itemversio1_.id = id)"
"                    ->  Index Scan using idx_workflow_details_id on workflow_details itemversio1_3_  (cost=0.29..0.39 rows=1 width=2101) (actual time=0.004..0.004 rows=0 loops=1)"
"                          Index Cond: (itemversio1_.id = id)"
"              ->  Index Scan using idx_data_details_id on data_details itemversio1_5_  (cost=0.29..0.31 rows=1 width=32) (actual time=0.003..0.003 rows=0 loops=1)"
"                    Index Cond: (itemversio1_.id = id)"
"        ->  Index Scan using idx_component_details_id on component_details itemversio1_6_  (cost=0.28..0.30 rows=1 width=817) (actual time=0.003..0.003 rows=0 loops=1)"
"              Index Cond: (itemversio1_.id = id)"
"  ->  Index Scan using account_root_details_pkey on account_root_details itemversio1_7_  (cost=0.29..0.31 rows=1 width=63) (actual time=0.002..0.003 rows=0 loops=1)"
"        Index Cond: (itemversio1_.id = id)"
"Planning Time: 4.453 ms"
"Execution Time: 0.236 ms"
